[INFO] 18:10:53:069 Servidor/(20598:20598): Kernel Server created !!! Waiting Connections ...

[INFO] 18:11:31:620 Servidor/(20598:20598): Creando un hilo para atender una conexión en el socket 15
[INFO] 19:01:19:391 Servidor/(8634:8634): Kernel Server created !!! Waiting Connections ...

[INFO] 19:50:30:081 Servidor/(3499:3499): Kernel Server created !!! Waiting Connections ...

[INFO] 20:06:43:886 Servidor/(6087:6087): Kernel Server created !!! Waiting Connections ...

[INFO] 20:34:46:294 Servidor/(10451:10451): Kernel Server created !!! Waiting Connections ...

[INFO] 20:43:15:303 Servidor/(11926:11926): Kernel Server created !!! Waiting Connections ...

[INFO] 15:30:03:083 Servidor/(9748:9748): Kernel Server created !!! Waiting Connections ...

[INFO] 15:30:18:042 Servidor/(9748:9748): Creando un hilo para atender una conexión en el socket 15
[INFO] 09:00:13:380 Servidor/(10411:10411): Kernel Server created !!! Waiting Connections ...

[INFO] 09:00:26:047 Servidor/(10411:10411): Creando un hilo para atender una conexión en el socket 15
[INFO] 09:00:26:048 Servidor/(10411:10411): Me llego el siguiente proceso:

[INFO] 09:00:26:048 Servidor/(10411:10411): PCB del proceso arrivado creado
[INFO] 09:00:59:958 Servidor/(10574:10574): Kernel Server created !!! Waiting Connections ...

[INFO] 09:01:13:967 Servidor/(10663:10663): Kernel Server created !!! Waiting Connections ...

[INFO] 09:01:35:219 Servidor/(10663:10663): Creando un hilo para atender una conexión en el socket 15
[INFO] 09:01:44:642 Servidor/(10663:10663): Me llego el siguiente proceso:

[INFO] 09:01:56:007 Servidor/(10663:10663): PCB del proceso arrivado creado
[INFO] 09:02:25:943 Servidor/(10878:10878): Kernel Server created !!! Waiting Connections ...

[INFO] 09:02:34:936 Servidor/(10878:10878): Creando un hilo para atender una conexión en el socket 15
[INFO] 09:02:39:626 Servidor/(10878:10878): Me llego el siguiente proceso:

[INFO] 09:03:13:632 Servidor/(10878:10878): PCB del proceso arrivado creado
[INFO] 09:08:23:494 Servidor/(11631:11631): Kernel Server created !!! Waiting Connections ...

[INFO] 09:08:39:771 Servidor/(11631:11631): Creando un hilo para atender una conexión en el socket 15
[INFO] 09:08:47:726 Servidor/(11631:11631): Me llego el siguiente proceso:

[INFO] 09:09:45:992 Servidor/(11631:11631): PCB del proceso arrivado creado
[INFO] 09:10:40:452 Servidor/(11982:11982): Kernel Server created !!! Waiting Connections ...

[INFO] 09:10:51:190 Servidor/(11982:11982): Creando un hilo para atender una conexión en el socket 15
[INFO] 09:10:54:351 Servidor/(11982:11982): Me llego el siguiente proceso:

[INFO] 09:10:56:360 Servidor/(11982:11982): PCB del proceso arrivado creado
[INFO] 09:13:26:633 Servidor/(12474:12474): Kernel Server created !!! Waiting Connections ...

[INFO] 09:13:47:111 Servidor/(12474:12474): Creando un hilo para atender una conexión en el socket 15
[INFO] 09:13:54:951 Servidor/(12474:12474): Me llego el siguiente proceso:

[INFO] 09:20:20:391 Servidor/(13554:13554): Kernel Server created !!! Waiting Connections ...

[INFO] 09:20:27:527 Servidor/(13554:13554): Creando un hilo para atender una conexión en el socket 15
[INFO] 09:20:30:955 Servidor/(13554:13554): Me llego el siguiente proceso:

[INFO] 09:20:33:294 Servidor/(13554:13554): PCB del proceso arrivado creado
[INFO] 09:21:12:012 Servidor/(13724:13724): Kernel Server created !!! Waiting Connections ...

[INFO] 09:21:20:100 Servidor/(13724:13724): Creando un hilo para atender una conexión en el socket 15
[INFO] 09:21:26:146 Servidor/(13724:13724): Me llego el siguiente proceso:

[INFO] 09:21:30:402 Servidor/(13724:13724): PCB del proceso arrivado creado
[INFO] 09:27:38:755 Servidor/(14599:14599): Kernel Server created !!! Waiting Connections ...

[INFO] 09:43:57:532 Servidor/(5453:5453): Kernel Server created !!! Waiting Connections ...

[INFO] 09:44:47:034 Servidor/(5453:5453): Creando un hilo para atender una conexión en el socket 5
[INFO] 09:44:47:034 Servidor/(5453:5453): Me llego el siguiente proceso:

[INFO] 09:44:47:034 Servidor/(5453:5453): PCB del proceso arrivado creado
[INFO] 09:46:44:495 Servidor/(5702:5702): Kernel Server created !!! Waiting Connections ...

[INFO] 09:49:38:170 Servidor/(5860:5860): Kernel Server created !!! Waiting Connections ...

[INFO] 09:49:54:027 Servidor/(5860:5860): Creando un hilo para atender una conexión en el socket 5
[INFO] 09:50:05:278 Servidor/(5860:5860): Me llego el siguiente proceso:

[INFO] 09:50:43:769 Servidor/(5860:5860): PCB del proceso arrivado creado
[INFO] 10:10:59:010 Servidor/(19070:19070): Kernel Server created !!! Waiting Connections ...

[INFO] 10:11:10:235 Servidor/(19070:19070): Creando un hilo para atender una conexión en el socket 15
[INFO] 10:11:19:283 Servidor/(19070:19070): Me llego el siguiente proceso:

[INFO] 10:11:44:014 Servidor/(19070:19070): PCB del proceso arrivado creado
[INFO] 10:12:29:874 Servidor/(19252:19252): Kernel Server created !!! Waiting Connections ...

[INFO] 10:12:40:321 Servidor/(19252:19252): Creando un hilo para atender una conexión en el socket 15
[INFO] 10:12:40:321 Servidor/(19252:19252): Me llego el siguiente proceso:

[INFO] 10:13:06:772 Servidor/(19252:19252): PCB del proceso arrivado creado
[INFO] 10:14:59:046 Servidor/(19585:19585): Kernel Server created !!! Waiting Connections ...

[INFO] 10:15:06:111 Servidor/(19585:19585): Creando un hilo para atender una conexión en el socket 15
[INFO] 10:15:06:112 Servidor/(19585:19585): Me llego el siguiente proceso:

[INFO] 10:15:20:189 Servidor/(19585:19585): PCB del proceso arrivado creado
[INFO] 10:16:50:160 Servidor/(19849:19849): Kernel Server created !!! Waiting Connections ...

[INFO] 10:16:56:583 Servidor/(19849:19849): Creando un hilo para atender una conexión en el socket 15
[INFO] 10:16:56:584 Servidor/(19849:19849): Me llego el siguiente proceso:

[INFO] 10:19:50:827 Servidor/(20172:20172): Kernel Server created !!! Waiting Connections ...

[INFO] 10:19:57:166 Servidor/(20172:20172): Creando un hilo para atender una conexión en el socket 15
[INFO] 10:19:57:166 Servidor/(20172:20172): Me llego el siguiente proceso:

[INFO] 10:20:15:847 Servidor/(20262:20262): Kernel Server created !!! Waiting Connections ...

[INFO] 10:20:20:333 Servidor/(20262:20262): Creando un hilo para atender una conexión en el socket 15
[INFO] 10:20:20:333 Servidor/(20262:20262): Me llego el siguiente proceso:

[INFO] 10:22:59:047 Servidor/(20604:20604): Kernel Server created !!! Waiting Connections ...

[INFO] 10:23:04:319 Servidor/(20604:20604): Creando un hilo para atender una conexión en el socket 15
[INFO] 10:23:04:320 Servidor/(20604:20604): Me llego el siguiente proceso:

[INFO] 10:23:15:579 Servidor/(20604:20604): PCB del proceso arrivado creado
[INFO] 10:44:14:459 Servidor/(22711:22711): Kernel Server created !!! Waiting Connections ...

[INFO] 10:44:21:632 Servidor/(22711:22711): Creando un hilo para atender una conexión en el socket 15
[INFO] 10:44:21:632 Servidor/(22711:22711): Me llego el siguiente proceso:

[INFO] 10:45:51:741 Servidor/(22918:22918): Kernel Server created !!! Waiting Connections ...

[INFO] 10:46:02:300 Servidor/(22918:22918): Creando un hilo para atender una conexión en el socket 15
[INFO] 10:46:02:300 Servidor/(22918:22918): Me llego el siguiente proceso:

[INFO] 10:47:56:053 Servidor/(23161:23161): Kernel Server created !!! Waiting Connections ...

[INFO] 10:48:03:120 Servidor/(23161:23161): Creando un hilo para atender una conexión en el socket 15
[INFO] 10:48:03:121 Servidor/(23161:23161): Me llego el siguiente proceso:

[INFO] 10:52:33:688 Servidor/(23564:23564): Kernel Server created !!! Waiting Connections ...

[INFO] 10:52:39:038 Servidor/(23564:23564): Creando un hilo para atender una conexión en el socket 15
[INFO] 10:52:39:039 Servidor/(23564:23564): Me llego el siguiente proceso:

[INFO] 10:53:08:545 Servidor/(23670:23670): Kernel Server created !!! Waiting Connections ...

[INFO] 10:53:14:027 Servidor/(23670:23670): Creando un hilo para atender una conexión en el socket 15
[INFO] 10:53:14:028 Servidor/(23670:23670): Me llego el siguiente proceso:

[INFO] 10:57:29:686 Servidor/(24058:24058): Kernel Server created !!! Waiting Connections ...

[INFO] 10:57:40:929 Servidor/(24058:24058): Creando un hilo para atender una conexión en el socket 15
[INFO] 10:57:40:929 Servidor/(24058:24058): Me llego el siguiente proceso:

[INFO] 10:58:32:407 Servidor/(24058:24196): PCB del proceso arrivado creado
[INFO] 11:09:23:303 Servidor/(25205:25205): Kernel Server created !!! Waiting Connections ...

[INFO] 11:09:32:195 Servidor/(25205:25205): Creando un hilo para atender una conexión en el socket 15
[INFO] 11:09:32:196 Servidor/(25205:25205): Me llego el siguiente proceso:

[INFO] 11:09:56:581 Servidor/(25205:25272): PCB del proceso arrivado creado
[INFO] 11:13:15:796 Servidor/(25646:25646): Kernel Server created !!! Waiting Connections ...

[INFO] 11:13:34:560 Servidor/(25646:25646): Creando un hilo para atender una conexión en el socket 15
[INFO] 11:13:34:561 Servidor/(25646:25646): Me llego el siguiente proceso:

[INFO] 11:13:47:477 Servidor/(25646:25707): PCB del proceso arrivado creado
[INFO] 11:15:36:451 Servidor/(25930:25930): Kernel Server created !!! Waiting Connections ...

[INFO] 11:16:01:895 Servidor/(25930:25930): Creando un hilo para atender una conexión en el socket 15
[INFO] 11:16:01:897 Servidor/(25930:25930): Me llego el siguiente proceso:

[INFO] 11:16:18:921 Servidor/(25930:26014): PCB del proceso arrivado creado
[INFO] 11:20:52:408 Servidor/(26434:26434): Kernel Server created !!! Waiting Connections ...

[INFO] 11:20:59:873 Servidor/(26434:26434): Creando un hilo para atender una conexión en el socket 15
[INFO] 11:20:59:874 Servidor/(26434:26434): Me llego el siguiente proceso:

[INFO] 11:21:11:710 Servidor/(26434:26526): PCB del proceso arrivado creado
[INFO] 11:21:15:530 Servidor/(26434:26530): Proceso enviado a ready
[INFO] 11:21:46:129 Servidor/(26434:26434): el cliente se desconecto. Terminando servidor
[INFO] 11:23:41:226 Servidor/(26797:26797): Kernel Server created !!! Waiting Connections ...

[INFO] 11:23:48:718 Servidor/(26797:26797): Creando un hilo para atender una conexión en el socket 15
[INFO] 11:23:48:719 Servidor/(26797:26797): Me llego el siguiente proceso:

[INFO] 11:24:24:055 Servidor/(26797:26876): PCB del proceso arrivado creado
[INFO] 11:24:56:019 Servidor/(26797:26929): Proceso enviado a ready
[INFO] 11:29:26:590 Servidor/(27299:27299): Kernel Server created !!! Waiting Connections ...

[INFO] 11:29:32:669 Servidor/(27299:27299): Creando un hilo para atender una conexión en el socket 15
[INFO] 11:29:32:670 Servidor/(27299:27299): Me llego el siguiente proceso:

[INFO] 11:29:52:665 Servidor/(27299:27398): PCB del proceso arrivado creado
[INFO] 11:33:28:978 Servidor/(27771:27771): Kernel Server created !!! Waiting Connections ...

[INFO] 11:33:33:543 Servidor/(27771:27771): Creando un hilo para atender una conexión en el socket 15
[INFO] 11:33:33:544 Servidor/(27771:27771): Me llego el siguiente proceso:

[INFO] 11:37:11:207 Servidor/(27771:27771): PCB del proceso arrivado creado
[INFO] 11:37:56:209 Servidor/(27771:27771): Proceso enviado a ready
[INFO] 11:38:17:249 Servidor/(28227:28227): Kernel Server created !!! Waiting Connections ...

[INFO] 11:38:30:996 Servidor/(28227:28227): Creando un hilo para atender una conexión en el socket 15
[INFO] 11:38:30:997 Servidor/(28227:28227): Me llego el siguiente proceso:

[INFO] 11:38:38:020 Servidor/(28227:28227): PCB del proceso arrivado creado
[INFO] 11:38:42:459 Servidor/(28227:28227): Proceso enviado a ready
[INFO] 11:39:56:223 Servidor/(28428:28428): Kernel Server created !!! Waiting Connections ...

[INFO] 11:40:02:449 Servidor/(28428:28428): Creando un hilo para atender una conexión en el socket 15
[INFO] 11:40:02:450 Servidor/(28428:28428): Me llego el siguiente proceso:

[INFO] 11:40:20:738 Servidor/(28428:28428): PCB del proceso arrivado creado
[INFO] 12:12:53:053 Servidor/(31363:31363): Kernel Server created !!! Waiting Connections ...

[INFO] 12:13:02:543 Servidor/(31363:31363): Creando un hilo para atender una conexión en el socket 15
[INFO] 12:13:02:545 Servidor/(31363:31363): Me llego el siguiente proceso:

[INFO] 12:13:13:839 Servidor/(31363:31363): PCB del proceso arrivado creado
[INFO] 12:13:15:399 Servidor/(31363:31363): Proceso enviado a ready
[INFO] 12:17:04:996 Servidor/(31363:31363): el cliente se desconecto. Terminando servidor
[INFO] 17:34:22:628 Servidor/(5130:5144): ¡¡¡Servidor de Kernel Creado!!! Esperando Conexiones ...

[INFO] 17:34:57:725 Servidor/(5202:5214): ¡¡¡Servidor de Kernel Creado!!! Esperando Conexiones ...

[INFO] 17:35:37:356 Servidor/(5270:5283): ¡¡¡Servidor de Kernel Creado!!! Esperando Conexiones ...

[INFO] 17:36:08:694 Servidor/(5343:5373): Error al crear server
[INFO] 17:37:05:717 Servidor/(5435:5452): ¡¡¡Servidor de Kernel Creado!!! Esperando Conexiones ...

[INFO] 23:38:31:147 Servidor/(4305:4321): ¡¡¡Servidor de Kernel Creado!!! Esperando Conexiones ...

[INFO] 23:39:13:779 Servidor/(4399:4423): ¡¡¡Servidor de Kernel Creado!!! Esperando Conexiones ...

[INFO] 23:39:35:253 Servidor/(4492:4521): ¡¡¡Servidor de Kernel Creado!!! Esperando Conexiones ...

[INFO] 23:40:06:046 Servidor/(4591:4617): ¡¡¡Servidor de Kernel Creado!!! Esperando Conexiones ...

[INFO] 23:43:33:208 Servidor/(4775:4821): ¡¡¡Servidor de Kernel Creado!!! Esperando Conexiones ...

[INFO] 23:44:28:778 Servidor/(4919:4941): ¡¡¡Servidor de Kernel Creado!!! Esperando Conexiones ...

[INFO] 23:45:33:449 Servidor/(5037:5051): ¡¡¡Servidor de Kernel Creado!!! Esperando Conexiones ...

[INFO] 07:48:19:401 Servidor/(15449:15454): ¡¡¡Servidor de Kernel Creado!!! Esperando Conexiones ...

[INFO] 07:48:35:533 Servidor/(15499:15505): ¡¡¡Servidor de Kernel Creado!!! Esperando Conexiones ...

[INFO] 07:48:42:274 Servidor/(15499:15505): Creando un hilo para atender una conexión en el socket 15
[INFO] 07:50:29:498 Servidor/(15662:15685): ¡¡¡Servidor de Kernel Creado!!! Esperando Conexiones ...

[INFO] 07:50:38:655 Servidor/(15662:15685): Creando un hilo para atender una conexión en el socket 15
[INFO] 07:57:37:588 Servidor/(16267:16349): ¡¡¡Servidor de Kernel Creado!!! Esperando Conexiones ...

[INFO] 07:57:42:158 Servidor/(16267:16349): Creando un hilo para atender una conexión en el socket 15
[INFO] 07:57:58:785 Servidor/(16404:16416): ¡¡¡Servidor de Kernel Creado!!! Esperando Conexiones ...

[INFO] 07:58:02:610 Servidor/(16404:16416): Creando un hilo para atender una conexión en el socket 15
[INFO] 08:01:10:613 Servidor/(16641:16670): ¡¡¡Servidor de Kernel Creado!!! Esperando Conexiones ...

[INFO] 08:01:13:867 Servidor/(16641:16670): Creando un hilo para atender una conexión en el socket 15
[INFO] 08:06:15:828 Servidor/(16928:16988): ¡¡¡Servidor de Kernel Creado!!! Esperando Conexiones ...

[INFO] 08:06:19:215 Servidor/(16928:16988): Creando un hilo para atender una conexión en el socket 15
[INFO] 08:08:31:052 Servidor/(17180:17193): ¡¡¡Servidor de Kernel Creado!!! Esperando Conexiones ...

[INFO] 08:08:34:783 Servidor/(17180:17193): Creando un hilo para atender una conexión en el socket 15
[INFO] 08:18:43:190 Servidor/(17642:17809): ¡¡¡Servidor de Kernel Creado!!! Esperando Conexiones ...

[INFO] 08:18:47:294 Servidor/(17642:17809): Creando un hilo para atender una conexión en el socket 15
[INFO] 09:00:27:487 Servidor/(20100:20221): ¡¡¡Servidor de Kernel Creado!!! Esperando Conexiones ...

[INFO] 09:02:23:793 Servidor/(20265:20383): ¡¡¡Servidor de Kernel Creado!!! Esperando Conexiones ...

[INFO] 09:02:35:438 Servidor/(20265:20383): Creando un hilo para atender una conexión en el socket 15
[INFO] 09:03:03:831 Servidor/(20449:20459): ¡¡¡Servidor de Kernel Creado!!! Esperando Conexiones ...

[INFO] 09:05:37:361 Servidor/(20594:20643): ¡¡¡Servidor de Kernel Creado!!! Esperando Conexiones ...

[INFO] 09:05:42:043 Servidor/(20594:20643): Creando un hilo para atender una conexión en el socket 15
[INFO] 09:19:39:893 Servidor/(21288:21312): ¡¡¡Servidor de Kernel Creado!!! Esperando Conexiones ...

[INFO] 09:21:36:830 Servidor/(21354:21437): ¡¡¡Servidor de Kernel Creado!!! Esperando Conexiones ...

[INFO] 09:21:45:886 Servidor/(21354:21437): Creando un hilo para atender una conexión en el socket 15
[INFO] 09:42:08:433 Servidor/(22488:22580): ¡¡¡Servidor de Kernel Creado!!! Esperando Conexiones ...

[INFO] 09:42:15:200 Servidor/(22488:22580): Creando un hilo para atender una conexión en el socket 15
[INFO] 09:58:40:671 Servidor/(23477:23497): ¡¡¡Servidor de Kernel Creado!!! Esperando Conexiones ...

[INFO] 09:58:52:847 Servidor/(23477:23497): Creando un hilo para atender una conexión en el socket 15
[INFO] 10:01:34:534 Servidor/(23477:23497): Creando un hilo para atender una conexión en el socket 16
[INFO] 10:07:28:296 Servidor/(24105:24118): ¡¡¡Servidor de Kernel Creado!!! Esperando Conexiones ...

[INFO] 10:07:32:145 Servidor/(24105:24118): Creando un hilo para atender una conexión en el socket 15
[INFO] 10:14:09:781 Servidor/(24556:24579): ¡¡¡Servidor de Kernel Creado!!! Esperando Conexiones ...

[INFO] 10:16:38:792 Servidor/(24684:24735): ¡¡¡Servidor de Kernel Creado!!! Esperando Conexiones ...

[INFO] 10:19:44:743 Servidor/(25029:25087): ¡¡¡Servidor de Kernel Creado!!! Esperando Conexiones ...

[INFO] 10:20:44:275 Servidor/(25029:25087): Creando un hilo para atender una conexión en el socket 15
[INFO] 10:24:50:761 Servidor/(25769:25828): ¡¡¡Servidor de Kernel Creado!!! Esperando Conexiones ...

[INFO] 10:25:03:188 Servidor/(25769:25828): Creando un hilo para atender una conexión en el socket 15
[INFO] 10:26:48:788 Servidor/(25948:25971): ¡¡¡Servidor de Kernel Creado!!! Esperando Conexiones ...

[INFO] 10:26:57:980 Servidor/(25948:25971): Creando un hilo para atender una conexión en el socket 15
[INFO] 10:28:04:604 Servidor/(26058:26075): ¡¡¡Servidor de Kernel Creado!!! Esperando Conexiones ...

[INFO] 10:28:17:053 Servidor/(26058:26075): Creando un hilo para atender una conexión en el socket 15
[INFO] 10:30:45:322 Servidor/(26246:26263): ¡¡¡Servidor de Kernel Creado!!! Esperando Conexiones ...

[INFO] 10:31:14:341 Servidor/(26246:26263): Creando un hilo para atender una conexión en el socket 15
[INFO] 10:34:26:732 Servidor/(26578:26607): ¡¡¡Servidor de Kernel Creado!!! Esperando Conexiones ...

[INFO] 10:38:19:910 Servidor/(26839:26879): ¡¡¡Servidor de Kernel Creado!!! Esperando Conexiones ...

[INFO] 10:55:27:807 Servidor/(28117:28139): ¡¡¡Servidor de Kernel Creado!!! Esperando Conexiones ...

[INFO] 10:56:38:673 Servidor/(28117:28139): Creando un hilo para atender una conexión en el socket 15
[INFO] 11:03:58:703 Servidor/(28835:28853): ¡¡¡Servidor de Kernel Creado!!! Esperando Conexiones ...

[INFO] 11:04:10:193 Servidor/(28835:28853): Creando un hilo para atender una conexión en el socket 15
[INFO] 11:07:23:984 Servidor/(29111:29137): ¡¡¡Servidor de Kernel Creado!!! Esperando Conexiones ...

[INFO] 11:07:34:557 Servidor/(29111:29137): Creando un hilo para atender una conexión en el socket 15
[INFO] 11:27:47:809 Servidor/(30665:30679): ¡¡¡Servidor de Kernel Creado!!! Esperando Conexiones ...

[INFO] 11:27:55:762 Servidor/(30665:30679): Creando un hilo para atender una conexión en el socket 15
<<<<<<< HEAD
[INFO] 00:00:07:901 Servidor/(4895:4900): ¡¡¡Servidor de Kernel Creado!!! Esperando Conexiones ...

[INFO] 00:00:51:229 Servidor/(4969:4975): ¡¡¡Servidor de Kernel Creado!!! Esperando Conexiones ...

[INFO] 00:01:30:942 Servidor/(5041:5047): ¡¡¡Servidor de Kernel Creado!!! Esperando Conexiones ...

[INFO] 00:01:46:319 Servidor/(5109:5115): ¡¡¡Servidor de Kernel Creado!!! Esperando Conexiones ...

[INFO] 00:03:23:544 Servidor/(5268:5274): ¡¡¡Servidor de Kernel Creado!!! Esperando Conexiones ...

[INFO] 00:04:08:988 Servidor/(5379:5388): ¡¡¡Servidor de Kernel Creado!!! Esperando Conexiones ...

[INFO] 00:05:17:765 Servidor/(5524:5532): ¡¡¡Servidor de Kernel Creado!!! Esperando Conexiones ...

=======
<<<<<<< HEAD
[INFO] 19:05:33:200 Servidor/(15478:15509): ¡¡¡Servidor de Kernel Creado!!! Esperando Conexiones ...

[INFO] 19:07:53:899 Servidor/(15672:15685): ¡¡¡Servidor de Kernel Creado!!! Esperando Conexiones ...

[INFO] 19:13:10:729 Servidor/(16133:16165): ¡¡¡Servidor de Kernel Creado!!! Esperando Conexiones ...

[INFO] 19:15:25:784 Servidor/(16373:16391): ¡¡¡Servidor de Kernel Creado!!! Esperando Conexiones ...

[INFO] 19:15:41:385 Servidor/(16373:16391): Creando un hilo para atender una conexión en el socket 15
[INFO] 19:16:40:756 Servidor/(16373:16391): Creando un hilo para atender una conexión en el socket 16
[INFO] 19:16:57:155 Servidor/(16525:16532): ¡¡¡Servidor de Kernel Creado!!! Esperando Conexiones ...

[INFO] 19:17:05:197 Servidor/(16525:16532): Creando un hilo para atender una conexión en el socket 15
[INFO] 19:17:27:324 Servidor/(16525:16532): Creando un hilo para atender una conexión en el socket 16
[INFO] 19:18:20:347 Servidor/(16651:16662): ¡¡¡Servidor de Kernel Creado!!! Esperando Conexiones ...

[INFO] 19:18:28:878 Servidor/(16651:16662): Creando un hilo para atender una conexión en el socket 15
[INFO] 19:18:50:639 Servidor/(16651:16662): Creando un hilo para atender una conexión en el socket 16
[INFO] 19:19:48:495 Servidor/(16787:16815): ¡¡¡Servidor de Kernel Creado!!! Esperando Conexiones ...

[INFO] 19:19:55:128 Servidor/(16787:16815): Creando un hilo para atender una conexión en el socket 15
[INFO] 19:30:24:491 Servidor/(17405:17593): ¡¡¡Servidor de Kernel Creado!!! Esperando Conexiones ...

[INFO] 19:30:38:515 Servidor/(17405:17593): Creando un hilo para atender una conexión en el socket 15
[INFO] 19:32:14:221 Servidor/(17746:17771): ¡¡¡Servidor de Kernel Creado!!! Esperando Conexiones ...

[INFO] 19:32:19:779 Servidor/(17746:17771): Creando un hilo para atender una conexión en el socket 15
[INFO] 19:33:50:882 Servidor/(17746:17771): Creando un hilo para atender una conexión en el socket 16
[INFO] 20:09:23:927 Servidor/(19850:19863): ¡¡¡Servidor de Kernel Creado!!! Esperando Conexiones ...

[INFO] 20:10:31:536 Servidor/(19945:19964): ¡¡¡Servidor de Kernel Creado!!! Esperando Conexiones ...

[INFO] 20:12:45:001 Servidor/(20115:20128): ¡¡¡Servidor de Kernel Creado!!! Esperando Conexiones ...

[INFO] 20:13:49:012 Servidor/(20199:20216): ¡¡¡Servidor de Kernel Creado!!! Esperando Conexiones ...

[INFO] 20:17:20:466 Servidor/(20199:20216): Creando un hilo para atender una conexión en el socket 15
[INFO] 20:19:01:520 Servidor/(20199:20216): Creando un hilo para atender una conexión en el socket 16
[INFO] 20:19:01:538 Servidor/(20199:20216): Creando un hilo para atender una conexión en el socket 16
[INFO] 23:01:07:138 Servidor/(24684:24700): ¡¡¡Servidor de Kernel Creado!!! Esperando Conexiones ...

[INFO] 23:02:06:654 Servidor/(24800:24811): ¡¡¡Servidor de Kernel Creado!!! Esperando Conexiones ...

[INFO] 23:02:24:277 Servidor/(24800:24811): Creando un hilo para atender una conexión en el socket 15
[INFO] 23:03:39:537 Servidor/(24800:24811): Creando un hilo para atender una conexión en el socket 16
[INFO] 08:04:05:243 Servidor/(7075:7094): ¡¡¡Servidor de Kernel Creado!!! Esperando Conexiones ...

[INFO] 14:00:19:120 Servidor/(10368:10407): ¡¡¡Servidor de Kernel Creado!!! Esperando Conexiones ...

[INFO] 14:01:02:184 Servidor/(10368:10407): Creando un hilo para atender una conexión en el socket 15
[INFO] 14:03:15:954 Servidor/(10368:10407): Creando un hilo para atender una conexión en el socket 20
[INFO] 14:03:40:386 Servidor/(10368:10407): Creando un hilo para atender una conexión en el socket 21
[INFO] 14:13:31:043 Servidor/(12098:12130): ¡¡¡Servidor de Kernel Creado!!! Esperando Conexiones ...

[INFO] 14:13:59:556 Servidor/(12098:12130): Creando un hilo para atender una conexión en el socket 15
[INFO] 14:16:55:443 Servidor/(12801:12819): ¡¡¡Servidor de Kernel Creado!!! Esperando Conexiones ...

[INFO] 14:17:01:077 Servidor/(12801:12819): Creando un hilo para atender una conexión en el socket 15
[INFO] 14:18:26:556 Servidor/(13022:13043): ¡¡¡Servidor de Kernel Creado!!! Esperando Conexiones ...

[INFO] 14:18:36:967 Servidor/(13022:13043): Creando un hilo para atender una conexión en el socket 15
[INFO] 14:22:12:002 Servidor/(13429:13445): ¡¡¡Servidor de Kernel Creado!!! Esperando Conexiones ...

[INFO] 14:22:21:905 Servidor/(13429:13445): Creando un hilo para atender una conexión en el socket 15
[INFO] 14:28:12:468 Servidor/(14178:14288): ¡¡¡Servidor de Kernel Creado!!! Esperando Conexiones ...

[INFO] 14:32:37:528 Servidor/(15079:15110): ¡¡¡Servidor de Kernel Creado!!! Esperando Conexiones ...

[INFO] 14:32:47:836 Servidor/(15079:15110): Creando un hilo para atender una conexión en el socket 15
[INFO] 14:33:45:303 Servidor/(15259:15305): ¡¡¡Servidor de Kernel Creado!!! Esperando Conexiones ...

[INFO] 14:33:54:891 Servidor/(15259:15305): Creando un hilo para atender una conexión en el socket 15
[INFO] 11:28:52:143 Servidor/(23254:23292): ¡¡¡Servidor de Kernel Creado!!! Esperando Conexiones ...

[INFO] 11:29:22:286 Servidor/(23254:23292): Creando un hilo para atender una conexión en el socket 15
[INFO] 11:47:08:369 Servidor/(26272:26306): ¡¡¡Servidor de Kernel Creado!!! Esperando Conexiones ...

[INFO] 11:47:24:071 Servidor/(26272:26306): Creando un hilo para atender una conexión en el socket 15
[INFO] 11:47:58:301 Servidor/(26509:26534): ¡¡¡Servidor de Kernel Creado!!! Esperando Conexiones ...

[INFO] 11:48:41:824 Servidor/(26509:26534): Creando un hilo para atender una conexión en el socket 15
[INFO] 11:49:24:245 Servidor/(26772:26805): ¡¡¡Servidor de Kernel Creado!!! Esperando Conexiones ...

[INFO] 11:49:36:920 Servidor/(26772:26805): Creando un hilo para atender una conexión en el socket 15
[INFO] 13:50:53:196 Servidor/(10245:10287): ¡¡¡Servidor de Kernel Creado!!! Esperando Conexiones ...

[INFO] 13:51:44:914 Servidor/(10245:10287): Creando un hilo para atender una conexión en el socket 15
[INFO] 13:51:48:928 Servidor/(10245:10287): Creando un hilo para atender una conexión en el socket 21
[INFO] 13:52:35:991 Servidor/(10462:10508): ¡¡¡Servidor de Kernel Creado!!! Esperando Conexiones ...

[INFO] 13:52:47:786 Servidor/(10462:10508): Creando un hilo para atender una conexión en el socket 15
[INFO] 13:55:43:038 Servidor/(10965:10979): ¡¡¡Servidor de Kernel Creado!!! Esperando Conexiones ...

[INFO] 13:55:50:073 Servidor/(10965:10979): Creando un hilo para atender una conexión en el socket 15
[INFO] 13:58:15:995 Servidor/(11338:11357): ¡¡¡Servidor de Kernel Creado!!! Esperando Conexiones ...

[INFO] 13:58:29:177 Servidor/(11338:11357): Creando un hilo para atender una conexión en el socket 15
[INFO] 13:59:04:773 Servidor/(11338:11357): Creando un hilo para atender una conexión en el socket 15
[INFO] 14:04:56:414 Servidor/(12223:12234): ¡¡¡Servidor de Kernel Creado!!! Esperando Conexiones ...

[INFO] 14:05:11:510 Servidor/(12223:12234): Creando un hilo para atender una conexión en el socket 15
[INFO] 14:06:13:970 Servidor/(12380:12389): ¡¡¡Servidor de Kernel Creado!!! Esperando Conexiones ...

[INFO] 14:06:47:105 Servidor/(12380:12389): Creando un hilo para atender una conexión en el socket 15
[INFO] 14:12:26:547 Servidor/(12928:12954): ¡¡¡Servidor de Kernel Creado!!! Esperando Conexiones ...

[INFO] 14:14:38:610 Servidor/(13566:13608): ¡¡¡Servidor de Kernel Creado!!! Esperando Conexiones ...

[INFO] 14:15:15:927 Servidor/(13566:13608): Creando un hilo para atender una conexión en el socket 20
[INFO] 14:30:03:804 Servidor/(15358:15389): ¡¡¡Servidor de Kernel Creado!!! Esperando Conexiones ...

[INFO] 14:37:19:214 Servidor/(16379:16411): ¡¡¡Servidor de Kernel Creado!!! Esperando Conexiones ...

[INFO] 21:53:30:057 Servidor/(13952:13966): ¡¡¡Servidor de Kernel Creado!!! Esperando Conexiones ...

[INFO] 21:53:38:630 Servidor/(13952:13966): Creando un hilo para atender una conexión en el socket 20
=======
[INFO] 10:48:36:686 Servidor Dispatcher/(5697:5697): ¡¡¡Servidor dispatcher creado!!! Esperando Conexiones ...

[INFO] 10:48:37:879 Servidor Dispatcher/(5697:5697): ¡¡¡Servidor interrupt creado!!! Esperando Conexiones ...

>>>>>>> 6cf03dc2ff64470adf84e4340e73555b927f4557
>>>>>>> dev_kenti
[INFO] 17:20:24:027 Servidor/(8492:8499): ¡¡¡Servidor de Kernel Creado!!! Esperando Conexiones ...

[INFO] 17:22:53:631 Servidor/(8574:8579): ¡¡¡Servidor de Kernel Creado!!! Esperando Conexiones ...

[INFO] 17:23:19:463 Servidor/(8574:8579): Creando un hilo para atender una conexión en el socket 5
[INFO] 17:25:01:316 Servidor/(8842:8847): ¡¡¡Servidor de Kernel Creado!!! Esperando Conexiones ...

[INFO] 17:25:32:749 Servidor/(8842:8847): Creando un hilo para atender una conexión en el socket 5
[INFO] 17:25:59:152 Servidor/(8842:8847): Creando un hilo para atender una conexión en el socket 6
[INFO] 17:27:15:269 Servidor/(9028:9033): ¡¡¡Servidor de Kernel Creado!!! Esperando Conexiones ...

[INFO] 17:27:49:200 Servidor/(9028:9033): Creando un hilo para atender una conexión en el socket 5
[INFO] 17:27:49:219 Servidor/(9028:9033): Creando un hilo para atender una conexión en el socket 6
[INFO] 09:23:25:435 Servidor/(4869:4874): ¡¡¡Servidor de Kernel Creado!!! Esperando Conexiones ...

[INFO] 09:23:49:101 Servidor/(4869:4874): Creando un hilo para atender una conexión en el socket 5
[INFO] 09:25:01:723 Servidor/(4869:4874): Creando un hilo para atender una conexión en el socket 5
[INFO] 09:32:25:281 Servidor/(5404:5411): ¡¡¡Servidor de Kernel Creado!!! Esperando Conexiones ...

[INFO] 09:32:30:580 Servidor/(5404:5411): Creando un hilo para atender una conexión en el socket 5
[INFO] 09:33:32:631 Servidor/(5404:5411): Creando un hilo para atender una conexión en el socket 5
[INFO] 09:33:44:745 Servidor/(5404:5411): Creando un hilo para atender una conexión en el socket 5
<<<<<<< HEAD
[INFO] 16:19:32:596 Servidor/(7267:7287): ¡¡¡Servidor de Kernel Creado!!! Esperando Conexiones ...

[INFO] 16:21:16:286 Servidor Dispatcher/(7549:7549): ¡¡¡Servidor dispatcher creado!!! Esperando Conexiones ...

[INFO] 16:21:16:287 Servidor Dispatcher/(7549:7549): ¡¡¡Servidor interrupt creado!!! Esperando Conexiones ...

[INFO] 16:23:09:665 Servidor Dispatcher/(7549:7549): Creando un hilo para atender una conexión en el socket 6
[INFO] 16:23:51:911 Servidor Dispatcher/(8010:8010): ¡¡¡Servidor dispatcher creado!!! Esperando Conexiones ...

[INFO] 16:23:51:911 Servidor Dispatcher/(8010:8010): ¡¡¡Servidor interrupt creado!!! Esperando Conexiones ...

[INFO] 00:20:17:332 Servidor Dispatcher/(5016:5016): ¡¡¡Servidor dispatcher creado!!! Esperando Conexiones ...

[INFO] 00:20:17:333 Servidor Dispatcher/(5016:5016): ¡¡¡Servidor interrupt creado!!! Esperando Conexiones ...

[INFO] 01:06:39:660 Servidor/(6869:6875): ¡¡¡Servidor de Kernel Creado!!! Esperando Conexiones ...

[INFO] 01:07:08:953 Servidor/(6869:6875): Creando un hilo para atender una conexión en el socket 6
[INFO] 01:13:40:328 Servidor/(7174:7181): ¡¡¡Servidor de Kernel Creado!!! Esperando Conexiones ...

[INFO] 01:13:51:527 Servidor/(7174:7181): Creando un hilo para atender una conexión en el socket 5
[INFO] 01:24:02:679 Servidor/(7498:7503): ¡¡¡Servidor de Kernel Creado!!! Esperando Conexiones ...

[INFO] 01:24:07:308 Servidor/(7498:7503): Creando un hilo para atender una conexión en el socket 5
[INFO] 01:25:14:301 Servidor/(7592:7597): ¡¡¡Servidor de Kernel Creado!!! Esperando Conexiones ...

[INFO] 01:26:38:815 Servidor/(7741:7746): ¡¡¡Servidor de Kernel Creado!!! Esperando Conexiones ...

[INFO] 01:26:43:813 Servidor/(7741:7746): Creando un hilo para atender una conexión en el socket 5
[INFO] 01:27:20:405 Servidor/(7830:7836): ¡¡¡Servidor de Kernel Creado!!! Esperando Conexiones ...

[INFO] 01:27:23:315 Servidor/(7830:7836): Creando un hilo para atender una conexión en el socket 5
[INFO] 01:29:17:620 Servidor/(7974:7981): ¡¡¡Servidor de Kernel Creado!!! Esperando Conexiones ...

[INFO] 01:29:22:574 Servidor/(7974:7981): Creando un hilo para atender una conexión en el socket 5
[INFO] 01:31:10:556 Servidor/(8158:8164): ¡¡¡Servidor de Kernel Creado!!! Esperando Conexiones ...

[INFO] 01:31:22:350 Servidor/(8158:8164): Creando un hilo para atender una conexión en el socket 5
[INFO] 01:34:09:959 Servidor/(8337:8342): ¡¡¡Servidor de Kernel Creado!!! Esperando Conexiones ...

[INFO] 01:34:12:896 Servidor/(8337:8342): Creando un hilo para atender una conexión en el socket 5
[INFO] 01:42:42:059 Servidor/(8748:8755): ¡¡¡Servidor de Kernel Creado!!! Esperando Conexiones ...

[INFO] 01:42:45:184 Servidor/(8748:8755): Creando un hilo para atender una conexión en el socket 5
[INFO] 11:04:20:002 Servidor/(5871:5878): ¡¡¡Servidor de Kernel Creado!!! Esperando Conexiones ...

[INFO] 11:12:22:332 Servidor Dispatcher/(6323:6323): ¡¡¡Servidor dispatcher creado!!! Esperando Conexiones ...

[INFO] 11:12:22:333 Servidor Dispatcher/(6323:6323): ¡¡¡Servidor interrupt creado!!! Esperando Conexiones ...

[INFO] 11:12:43:870 Servidor Dispatcher/(6323:6323): Creando un hilo para atender una conexión en el socket 6
[INFO] 11:13:13:201 Servidor Dispatcher/(6422:6422): ¡¡¡Servidor dispatcher creado!!! Esperando Conexiones ...

[INFO] 11:13:13:202 Servidor Dispatcher/(6422:6422): ¡¡¡Servidor interrupt creado!!! Esperando Conexiones ...

[INFO] 11:14:16:673 Servidor Dispatcher/(6690:6690): ¡¡¡Servidor dispatcher creado!!! Esperando Conexiones ...

[INFO] 11:14:16:673 Servidor Dispatcher/(6690:6690): ¡¡¡Servidor interrupt creado!!! Esperando Conexiones ...

[INFO] 11:14:19:924 Servidor Dispatcher/(6690:6690): Creando un hilo para atender una conexión en el socket 6
[INFO] 11:15:47:751 Servidor/(6832:6838): ¡¡¡Servidor de Kernel Creado!!! Esperando Conexiones ...

[INFO] 11:19:24:197 Servidor/(7167:7172): ¡¡¡Servidor de Kernel Creado!!! Esperando Conexiones ...

[INFO] 11:19:29:090 Servidor/(7167:7172): Creando un hilo para atender una conexión en el socket 5
[INFO] 11:25:40:136 Servidor/(7685:7690): ¡¡¡Servidor de Kernel Creado!!! Esperando Conexiones ...

[INFO] 11:25:58:213 Servidor/(7685:7690): Creando un hilo para atender una conexión en el socket 5
[INFO] 11:27:50:470 Servidor/(7901:7908): ¡¡¡Servidor de Kernel Creado!!! Esperando Conexiones ...

[INFO] 11:28:08:898 Servidor/(7901:7908): Creando un hilo para atender una conexión en el socket 5
[INFO] 11:28:46:572 Servidor/(8001:8007): ¡¡¡Servidor de Kernel Creado!!! Esperando Conexiones ...

[INFO] 11:29:02:909 Servidor/(8001:8007): Creando un hilo para atender una conexión en el socket 5
[INFO] 11:32:19:884 Servidor/(8480:8485): ¡¡¡Servidor de Kernel Creado!!! Esperando Conexiones ...

[INFO] 11:32:27:577 Servidor/(8480:8485): Creando un hilo para atender una conexión en el socket 5
[INFO] 11:34:09:980 Servidor/(8635:8641): ¡¡¡Servidor de Kernel Creado!!! Esperando Conexiones ...

[INFO] 11:34:16:717 Servidor/(8635:8641): Creando un hilo para atender una conexión en el socket 5
[INFO] 11:35:46:864 Servidor/(8785:8790): ¡¡¡Servidor de Kernel Creado!!! Esperando Conexiones ...

[INFO] 11:36:12:845 Servidor/(8785:8790): Creando un hilo para atender una conexión en el socket 5
[INFO] 11:46:34:479 Servidor/(9372:9377): ¡¡¡Servidor de Kernel Creado!!! Esperando Conexiones ...

[INFO] 11:46:42:000 Servidor/(9372:9377): Creando un hilo para atender una conexión en el socket 5
[INFO] 11:48:25:597 Servidor/(9683:9691): ¡¡¡Servidor de Kernel Creado!!! Esperando Conexiones ...

[INFO] 11:49:15:565 Servidor/(9780:9785): ¡¡¡Servidor de Kernel Creado!!! Esperando Conexiones ...

[INFO] 11:49:22:717 Servidor/(9780:9785): Creando un hilo para atender una conexión en el socket 5
[INFO] 11:51:02:962 Servidor/(9971:9976): ¡¡¡Servidor de Kernel Creado!!! Esperando Conexiones ...

[INFO] 11:51:07:166 Servidor/(9971:9976): Creando un hilo para atender una conexión en el socket 5
[INFO] 11:52:25:947 Servidor/(10155:10185): ¡¡¡Servidor de Kernel Creado!!! Esperando Conexiones ...

[INFO] 11:52:29:477 Servidor/(10155:10185): Creando un hilo para atender una conexión en el socket 5
[INFO] 11:55:12:151 Servidor/(10418:10424): ¡¡¡Servidor de Kernel Creado!!! Esperando Conexiones ...

[INFO] 11:55:48:271 Servidor/(10418:10424): Creando un hilo para atender una conexión en el socket 5
[INFO] 11:57:33:653 Servidor/(10655:10691): ¡¡¡Servidor de Kernel Creado!!! Esperando Conexiones ...

[INFO] 11:57:37:125 Servidor/(10655:10691): Creando un hilo para atender una conexión en el socket 5
[INFO] 11:58:46:960 Servidor/(10883:10889): ¡¡¡Servidor de Kernel Creado!!! Esperando Conexiones ...

[INFO] 11:59:31:130 Servidor/(11006:11012): ¡¡¡Servidor de Kernel Creado!!! Esperando Conexiones ...

[INFO] 11:59:33:492 Servidor/(11006:11012): Creando un hilo para atender una conexión en el socket 5
=======
[INFO] 18:09:35:543 Servidor/(23287:23312): ¡¡¡Servidor de Kernel Creado!!! Esperando Conexiones ...

[INFO] 18:10:01:612 Servidor/(23287:23312): Creando un hilo para atender una conexión en el socket 20
[INFO] 18:12:25:142 Servidor/(23609:23642): ¡¡¡Servidor de Kernel Creado!!! Esperando Conexiones ...

[INFO] 18:12:33:243 Servidor/(23609:23642): Creando un hilo para atender una conexión en el socket 15
[INFO] 18:14:46:452 Servidor/(23973:23982): ¡¡¡Servidor de Kernel Creado!!! Esperando Conexiones ...

[INFO] 18:14:52:899 Servidor/(23973:23982): Creando un hilo para atender una conexión en el socket 15
[INFO] 18:20:50:264 Servidor Dispatcher/(24901:24901): ¡¡¡Servidor dispatcher creado!!! Esperando Conexiones ...

[INFO] 18:20:50:264 Servidor Dispatcher/(24901:24901): ¡¡¡Servidor interrupt creado!!! Esperando Conexiones ...

[INFO] 18:21:03:993 Servidor Dispatcher/(24901:24901): Creando un hilo para atender una conexión en el socket 16
[INFO] 18:21:03:998 Servidor Dispatcher/(24901:24901): Creando un hilo para atender una interrupcion en el socket 20
[INFO] 19:09:51:901 Servidor/(29433:29445): ¡¡¡Servidor de Kernel Creado!!! Esperando Conexiones ...

[INFO] 19:09:57:965 Servidor/(29433:29445): Creando un hilo para atender una conexión en el socket 15
[INFO] 19:15:47:125 Servidor/(30260:30274): ¡¡¡Servidor de Kernel Creado!!! Esperando Conexiones ...

[INFO] 19:15:53:369 Servidor/(30260:30274): Creando un hilo para atender una conexión en el socket 15
[INFO] 19:16:53:147 Servidor/(30260:30274): Creando un hilo para atender una conexión en el socket 15
[INFO] 19:17:27:110 Servidor/(30260:30274): Creando un hilo para atender una conexión en el socket 15
[INFO] 19:23:49:260 Servidor/(31367:31379): ¡¡¡Servidor de Kernel Creado!!! Esperando Conexiones ...

[INFO] 19:23:56:229 Servidor/(31367:31379): Creando un hilo para atender una conexión en el socket 15
[INFO] 19:26:33:442 Servidor/(31778:31791): ¡¡¡Servidor de Kernel Creado!!! Esperando Conexiones ...

[INFO] 19:26:37:530 Servidor/(31778:31791): Creando un hilo para atender una conexión en el socket 15
[INFO] 19:27:56:900 Servidor/(31778:31791): Creando un hilo para atender una conexión en el socket 15
[INFO] 19:28:30:521 Servidor/(31778:31791): Creando un hilo para atender una conexión en el socket 15
[INFO] 19:29:29:843 Servidor/(31778:31791): Creando un hilo para atender una conexión en el socket 21
[INFO] 19:29:47:774 Servidor/(31778:31791): Creando un hilo para atender una conexión en el socket 25
[INFO] 19:31:40:154 Servidor/(32362:32370): ¡¡¡Servidor de Kernel Creado!!! Esperando Conexiones ...

[INFO] 19:31:48:312 Servidor/(32362:32370): Creando un hilo para atender una conexión en el socket 15
[INFO] 19:31:58:086 Servidor/(32362:32370): Creando un hilo para atender una conexión en el socket 15
[INFO] 19:41:13:763 Servidor Dispatcher/(970:970): ¡¡¡Servidor dispatcher creado!!! Esperando Conexiones ...

[INFO] 19:41:13:764 Servidor Dispatcher/(970:970): ¡¡¡Servidor interrupt creado!!! Esperando Conexiones ...

[INFO] 19:41:23:974 Servidor Dispatcher/(970:970): Creando un hilo para atender una conexión en el socket 16
[INFO] 19:41:23:979 Servidor Dispatcher/(970:970): Creando un hilo para atender una interrupcion en el socket 20
[INFO] 19:45:08:276 Servidor/(1437:1457): ¡¡¡Servidor de Kernel Creado!!! Esperando Conexiones ...

[INFO] 19:45:21:287 Servidor/(1437:1457): Creando un hilo para atender una conexión en el socket 15
[INFO] 19:45:30:792 Servidor/(1437:1457): Creando un hilo para atender una conexión en el socket 15
[INFO] 19:45:46:236 Servidor/(1437:1457): Creando un hilo para atender una conexión en el socket 21
[INFO] 19:46:12:400 Servidor/(1629:1680): ¡¡¡Servidor de Kernel Creado!!! Esperando Conexiones ...

[INFO] 19:46:24:820 Servidor/(1629:1680): Creando un hilo para atender una conexión en el socket 15
[INFO] 19:46:46:201 Servidor/(1629:1680): Creando un hilo para atender una conexión en el socket 15
[INFO] 19:47:00:041 Servidor/(1629:1680): Creando un hilo para atender una conexión en el socket 15
[INFO] 19:47:59:141 Servidor/(1922:1935): ¡¡¡Servidor de Kernel Creado!!! Esperando Conexiones ...

[INFO] 19:48:16:795 Servidor/(1922:1935): Creando un hilo para atender una conexión en el socket 15
[INFO] 19:48:34:267 Servidor/(1922:1935): Creando un hilo para atender una conexión en el socket 15
[INFO] 19:50:58:028 Servidor/(2288:2300): ¡¡¡Servidor de Kernel Creado!!! Esperando Conexiones ...

[INFO] 19:51:04:381 Servidor/(2288:2300): Creando un hilo para atender una conexión en el socket 15
[INFO] 19:51:25:016 Servidor/(2288:2300): Creando un hilo para atender una conexión en el socket 15
[INFO] 19:55:08:936 Servidor/(2708:2753): ¡¡¡Servidor de Kernel Creado!!! Esperando Conexiones ...

[INFO] 19:55:17:267 Servidor/(2708:2753): Creando un hilo para atender una conexión en el socket 15
[INFO] 19:55:40:609 Servidor/(2708:2753): Creando un hilo para atender una conexión en el socket 15
[INFO] 19:56:16:197 Servidor/(2708:2753): Creando un hilo para atender una conexión en el socket 15
[INFO] 19:56:31:030 Servidor/(2708:2753): Creando un hilo para atender una conexión en el socket 15
[INFO] 19:56:31:039 Servidor/(2708:2753): Creando un hilo para atender una conexión en el socket 21
[INFO] 19:57:56:461 Servidor/(3203:3219): ¡¡¡Servidor de Kernel Creado!!! Esperando Conexiones ...

[INFO] 20:07:15:881 Servidor/(4081:4102): ¡¡¡Servidor de Kernel Creado!!! Esperando Conexiones ...

[INFO] 20:08:09:063 Servidor/(4081:4102): Creando un hilo para atender una conexión en el socket 15
[INFO] 20:08:16:426 Servidor/(4081:4102): Creando un hilo para atender una conexión en el socket 15
[INFO] 20:09:39:454 Servidor Dispatcher/(4377:4377): ¡¡¡Servidor dispatcher creado!!! Esperando Conexiones ...

[INFO] 20:09:39:454 Servidor Dispatcher/(4377:4377): ¡¡¡Servidor interrupt creado!!! Esperando Conexiones ...

[INFO] 20:10:12:397 Servidor Dispatcher/(4501:4501): ¡¡¡Servidor dispatcher creado!!! Esperando Conexiones ...

[INFO] 20:10:12:397 Servidor Dispatcher/(4501:4501): ¡¡¡Servidor interrupt creado!!! Esperando Conexiones ...

[INFO] 20:10:18:820 Servidor Dispatcher/(4501:4501): Creando un hilo para atender una conexión en el socket 16
[INFO] 20:10:18:824 Servidor Dispatcher/(4501:4501): Creando un hilo para atender una interrupcion en el socket 20
[INFO] 20:29:27:230 Servidor Dispatcher/(6872:6872): ¡¡¡Servidor dispatcher creado!!! Esperando Conexiones ...

[INFO] 20:29:27:231 Servidor Dispatcher/(6872:6872): ¡¡¡Servidor interrupt creado!!! Esperando Conexiones ...

[INFO] 20:29:30:659 Servidor Dispatcher/(6872:6872): Creando un hilo para atender una conexión en el socket 16
[INFO] 20:29:30:663 Servidor Dispatcher/(6872:6872): Creando un hilo para atender una interrupcion en el socket 20
[INFO] 20:31:56:053 Servidor Dispatcher/(7326:7326): ¡¡¡Servidor dispatcher creado!!! Esperando Conexiones ...

[INFO] 20:31:56:053 Servidor Dispatcher/(7326:7326): ¡¡¡Servidor interrupt creado!!! Esperando Conexiones ...

[INFO] 20:31:59:876 Servidor Dispatcher/(7326:7326): Creando un hilo para atender una conexión en el socket 16
[INFO] 20:31:59:881 Servidor Dispatcher/(7326:7326): Creando un hilo para atender una interrupcion en el socket 20
[INFO] 20:36:35:389 Servidor Dispatcher/(7876:7876): ¡¡¡Servidor dispatcher creado!!! Esperando Conexiones ...

[INFO] 20:36:35:389 Servidor Dispatcher/(7876:7876): ¡¡¡Servidor interrupt creado!!! Esperando Conexiones ...

[INFO] 20:36:40:290 Servidor Dispatcher/(7876:7876): Creando un hilo para atender una conexión en el socket 16
[INFO] 20:36:40:295 Servidor Dispatcher/(7876:7876): Creando un hilo para atender una interrupcion en el socket 20
[INFO] 20:41:24:363 Servidor/(8390:8408): ¡¡¡Servidor de Kernel Creado!!! Esperando Conexiones ...

[INFO] 20:41:28:446 Servidor/(8390:8408): Creando un hilo para atender una conexión en el socket 15
[INFO] 20:41:39:844 Servidor/(8390:8408): Creando un hilo para atender una conexión en el socket 21
[INFO] 20:43:24:021 Servidor/(8664:8709): ¡¡¡Servidor de Kernel Creado!!! Esperando Conexiones ...

[INFO] 20:43:34:026 Servidor/(8664:8709): Creando un hilo para atender una conexión en el socket 15
[INFO] 20:43:36:853 Servidor/(8664:8709): Creando un hilo para atender una conexión en el socket 15
[INFO] 20:46:58:702 Servidor/(9137:9177): ¡¡¡Servidor de Kernel Creado!!! Esperando Conexiones ...

[INFO] 20:47:03:385 Servidor/(9137:9177): Creando un hilo para atender una conexión en el socket 15
[INFO] 20:47:09:839 Servidor/(9137:9177): Creando un hilo para atender una conexión en el socket 21
[INFO] 21:30:37:616 Servidor/(13483:13515): ¡¡¡Servidor de Kernel Creado!!! Esperando Conexiones ...

[INFO] 21:30:42:428 Servidor/(13483:13515): Creando un hilo para atender una conexión en el socket 15
[INFO] 21:30:46:277 Servidor/(13483:13515): Creando un hilo para atender una conexión en el socket 15
[INFO] 21:39:00:098 Servidor Dispatcher/(14459:14459): ¡¡¡Servidor dispatcher creado!!! Esperando Conexiones ...

[INFO] 21:39:00:098 Servidor Dispatcher/(14459:14459): ¡¡¡Servidor interrupt creado!!! Esperando Conexiones ...

[INFO] 21:39:03:257 Servidor Dispatcher/(14459:14459): Creando un hilo para atender una conexión en el socket 16
[INFO] 21:39:03:266 Servidor Dispatcher/(14459:14459): Creando un hilo para atender una interrupcion en el socket 20
[INFO] 21:50:37:524 Servidor Dispatcher/(15728:15728): ¡¡¡Servidor dispatcher creado!!! Esperando Conexiones ...

[INFO] 21:50:37:525 Servidor Dispatcher/(15728:15728): ¡¡¡Servidor interrupt creado!!! Esperando Conexiones ...

[INFO] 21:50:41:272 Servidor Dispatcher/(15728:15728): Creando un hilo para atender una conexión en el socket 16
[INFO] 21:50:41:278 Servidor Dispatcher/(15728:15728): Creando un hilo para atender una interrupcion en el socket 20
[INFO] 21:56:48:998 Servidor/(16393:16406): ¡¡¡Servidor de Kernel Creado!!! Esperando Conexiones ...

[INFO] 21:57:02:420 Servidor/(16393:16406): Creando un hilo para atender una conexión en el socket 15
[INFO] 21:57:14:166 Servidor/(16393:16406): Creando un hilo para atender una conexión en el socket 21
[INFO] 21:57:44:180 Servidor/(16570:16585): ¡¡¡Servidor de Kernel Creado!!! Esperando Conexiones ...

[INFO] 21:57:51:658 Servidor/(16570:16585): Creando un hilo para atender una conexión en el socket 15
[INFO] 21:57:51:668 Servidor/(16570:16585): Creando un hilo para atender una conexión en el socket 21
[INFO] 22:00:36:924 Servidor/(16570:16585): Creando un hilo para atender una conexión en el socket 22
[INFO] 22:00:40:474 Servidor/(16570:16585): Creando un hilo para atender una conexión en el socket 23
[INFO] 22:02:27:773 Servidor/(17077:17092): ¡¡¡Servidor de Kernel Creado!!! Esperando Conexiones ...

[INFO] 22:02:35:754 Servidor/(17077:17092): Creando un hilo para atender una conexión en el socket 15
[INFO] 22:02:36:419 Servidor/(17077:17092): Creando un hilo para atender una conexión en el socket 21
[INFO] 22:48:12:107 Servidor/(21767:21779): ¡¡¡Servidor de Kernel Creado!!! Esperando Conexiones ...

[INFO] 22:48:24:999 Servidor/(21767:21779): Creando un hilo para atender una conexión en el socket 15
[INFO] 22:48:25:695 Servidor/(21767:21779): Creando un hilo para atender una conexión en el socket 21
[INFO] 22:48:26:418 Servidor/(21767:21779): Creando un hilo para atender una conexión en el socket 15
[INFO] 22:48:27:082 Servidor/(21767:21779): Creando un hilo para atender una conexión en el socket 21
[INFO] 22:50:33:741 Servidor/(21990:22083): ¡¡¡Servidor de Kernel Creado!!! Esperando Conexiones ...

[INFO] 22:50:43:361 Servidor/(21990:22083): Creando un hilo para atender una conexión en el socket 15
[INFO] 22:50:43:364 Servidor/(21990:22083): Creando un hilo para atender una conexión en el socket 21
[INFO] 22:51:05:290 Servidor/(22203:22217): ¡¡¡Servidor de Kernel Creado!!! Esperando Conexiones ...

[INFO] 22:51:13:868 Servidor/(22203:22217): Creando un hilo para atender una conexión en el socket 15
[INFO] 22:51:13:874 Servidor/(22203:22217): Creando un hilo para atender una conexión en el socket 21
[INFO] 22:51:13:884 Servidor/(22203:22217): Creando un hilo para atender una conexión en el socket 15
[INFO] 22:51:13:889 Servidor/(22203:22217): Creando un hilo para atender una conexión en el socket 23
[INFO] 22:51:13:898 Servidor/(22203:22217): Creando un hilo para atender una conexión en el socket 25
[INFO] 08:02:50:684 Servidor/(4173:4207): ¡¡¡Servidor de Kernel Creado!!! Esperando Conexiones ...

[INFO] 08:03:18:954 Servidor/(4173:4207): Creando un hilo para atender una conexión en el socket 15
[INFO] 08:03:25:440 Servidor/(4173:4207): Creando un hilo para atender una conexión en el socket 15
[INFO] 08:03:25:450 Servidor/(4173:4207): Creando un hilo para atender una conexión en el socket 21
[INFO] 08:03:25:458 Servidor/(4173:4207): Creando un hilo para atender una conexión en el socket 15
[INFO] 08:04:32:011 Servidor/(4563:4619): ¡¡¡Servidor de Kernel Creado!!! Esperando Conexiones ...

[INFO] 08:06:15:889 Servidor/(4563:4619): Creando un hilo para atender una conexión en el socket 15
[INFO] 08:06:22:418 Servidor/(4563:4619): Creando un hilo para atender una conexión en el socket 15
[INFO] 08:06:22:424 Servidor/(4563:4619): Creando un hilo para atender una conexión en el socket 21
[INFO] 16:26:53:379 Servidor Dispatcher/(8481:8481): ¡¡¡Servidor dispatcher creado!!! Esperando Conexiones ...

[INFO] 16:26:53:380 Servidor Dispatcher/(8481:8481): ¡¡¡Servidor interrupt creado!!! Esperando Conexiones ...

[INFO] 16:27:00:079 Servidor Dispatcher/(8481:8481): Creando un hilo para atender una conexión en el socket 16
[INFO] 16:27:00:083 Servidor Dispatcher/(8481:8481): Creando un hilo para atender una interrupcion en el socket 20
[INFO] 16:27:06:158 Servidor Dispatcher/(8481:8529): Recibi un proceso:
[INFO] 16:27:06:159 Servidor Dispatcher/(8481:8529): id: 0
[INFO] 16:27:06:159 Servidor Dispatcher/(8481:8529): Ejecutando instrucciones:
[INFO] 16:27:06:159 Servidor Dispatcher/(8481:8529): NO_OP
[INFO] 16:27:48:070 Servidor Dispatcher/(8481:8529): Se ha recibido una interrupcion del Kernel
[INFO] 16:27:48:804 Servidor Dispatcher/(8481:8529): Desalojando proceso: 0
>>>>>>> pruebas
