[INFO] 17:52:51:847 Servidor/(17947:17947): Kernel Server created !!! Waiting Connections ...

[INFO] 17:53:11:691 Servidor/(17947:17947): Creando un hilo para atender una conexión en el socket 15
[INFO] 17:54:58:453 Servidor/(18317:18317): Kernel Server created !!! Waiting Connections ...

[INFO] 17:55:03:012 Servidor/(18317:18317): Creando un hilo para atender una conexión en el socket 15
[INFO] 17:55:03:012 Servidor/(18317:18317): Me llegaron las siguientes instrucciones:

[INFO] 17:55:03:013 Servidor/(18317:18317): el cliente se desconecto. Terminando servidor
[INFO] 17:55:41:915 Servidor/(18445:18445): Kernel Server created !!! Waiting Connections ...

[INFO] 17:55:44:868 Servidor/(18445:18445): Creando un hilo para atender una conexión en el socket 15
[INFO] 17:55:44:869 Servidor/(18445:18445): Me llegaron las siguientes instrucciones:
[INFO] 17:55:44:869 Servidor/(18445:18445): el cliente se desconecto. Terminando servidor
[INFO] 17:58:29:738 Servidor/(18856:18856): Kernel Server created !!! Waiting Connections ...

[INFO] 17:58:56:343 Servidor/(18856:18856): Creando un hilo para atender una conexión en el socket 15
[INFO] 17:59:15:993 Servidor/(18981:18981): Kernel Server created !!! Waiting Connections ...

[INFO] 17:59:18:350 Servidor/(18981:18981): Creando un hilo para atender una conexión en el socket 15
[INFO] 18:08:04:198 Servidor/(20194:20194): Kernel Server created !!! Waiting Connections ...

[INFO] 18:08:22:749 Servidor/(20194:20194): Creando un hilo para atender una conexión en el socket 15
[INFO] 18:08:48:296 Servidor/(20305:20305): Kernel Server created !!! Waiting Connections ...

[INFO] 18:08:52:027 Servidor/(20305:20305): Creando un hilo para atender una conexión en el socket 15
[INFO] 18:09:09:561 Servidor/(20376:20376): Kernel Server created !!! Waiting Connections ...

[INFO] 18:09:11:925 Servidor/(20376:20376): Creando un hilo para atender una conexión en el socket 15
[INFO] 18:09:11:925 Servidor/(20376:20376): Me llegaron las siguientes instrucciones:
[INFO] 18:09:11:926 Servidor/(20376:20376): el cliente se desconecto. Terminando servidor
[INFO] 18:10:06:779 Servidor/(20512:20512): Kernel Server created !!! Waiting Connections ...

[INFO] 18:10:09:235 Servidor/(20512:20512): Creando un hilo para atender una conexión en el socket 15
[INFO] 18:25:02:264 Servidor/(22383:22383): Kernel Server created !!! Waiting Connections ...

[INFO] 18:25:09:207 Servidor/(22383:22383): Creando un hilo para atender una conexión en el socket 15
[INFO] 18:25:38:520 Servidor/(22482:22482): Kernel Server created !!! Waiting Connections ...

[INFO] 18:25:49:607 Servidor/(22482:22482): Creando un hilo para atender una conexión en el socket 15
[INFO] 18:26:24:670 Servidor/(22616:22616): Kernel Server created !!! Waiting Connections ...

[INFO] 18:26:27:876 Servidor/(22616:22616): Creando un hilo para atender una conexión en el socket 15
[INFO] 18:26:27:877 Servidor/(22616:22616): Me llegaron las siguientes instrucciones:
[INFO] 18:26:27:877 Servidor/(22616:22616): el cliente se desconecto. Terminando servidor
[INFO] 18:26:38:524 Servidor/(22669:22669): Kernel Server created !!! Waiting Connections ...

[INFO] 18:26:52:800 Servidor/(22669:22669): Creando un hilo para atender una conexión en el socket 15
[INFO] 18:26:52:800 Servidor/(22669:22669): Me llegaron las siguientes instrucciones:
[INFO] 18:26:52:801 Servidor/(22669:22669): el cliente se desconecto. Terminando servidor
[INFO] 19:36:45:938 Servidor/(3200:3200): Kernel Server created !!! Waiting Connections ...

[INFO] 19:37:32:369 Servidor/(3200:3200): Creando un hilo para atender una conexión en el socket 5
[INFO] 19:37:32:369 Servidor/(3200:3200): Me llegaron las siguientes instrucciones:
[INFO] 19:37:32:370 Servidor/(3200:3200): el cliente se desconecto. Terminando servidor
[INFO] 18:11:56:404 Servidor/(3878:3878): Kernel Server created !!! Waiting Connections ...

[INFO] 18:12:20:793 Servidor/(3878:3878): Creando un hilo para atender una conexión en el socket 15
[INFO] 18:12:20:793 Servidor/(3878:3878): Me llegaron las siguientes instrucciones:
[INFO] 18:12:20:794 Servidor/(3878:3878): el cliente se desconecto. Terminando servidor
[INFO] 18:55:37:359 Servidor/(8286:8286): Kernel Server created !!! Waiting Connections ...

[INFO] 18:58:07:071 Servidor/(8461:8461): Error al crear server
[INFO] 18:58:12:030 Servidor/(8474:8474): Kernel Server created !!! Waiting Connections ...

[INFO] 20:01:36:794 Servidor/(5363:5363): Kernel Server created !!! Waiting Connections ...

[INFO] 20:17:11:539 Servidor/(7661:7661): Kernel Server created !!! Waiting Connections ...

[INFO] 20:21:12:252 Servidor/(8407:8407): Kernel Server created !!! Waiting Connections ...

[INFO] 20:21:50:230 Servidor/(8527:8527): Kernel Server created !!! Waiting Connections ...

[INFO] 20:29:52:991 Servidor/(9892:9892): Kernel Server created !!! Waiting Connections ...

[INFO] 20:31:39:338 Servidor/(10183:10183): Kernel Server created !!! Waiting Connections ...

[INFO] 20:36:42:044 Servidor/(11081:11081): Kernel Server created !!! Waiting Connections ...

[INFO] 20:39:11:887 Servidor/(11465:11465): Kernel Server created !!! Waiting Connections ...

[INFO] 20:40:53:385 Servidor/(11701:11701): Kernel Server created !!! Waiting Connections ...

[INFO] 20:53:06:662 Servidor/(13578:13578): Kernel Server created !!! Waiting Connections ...

[INFO] 20:53:34:151 Servidor/(13578:13578): Creando un hilo para atender una conexión en el socket 15
[INFO] 20:53:34:152 Servidor/(13578:13578): Me llegaron las siguientes instrucciones:
[INFO] 20:53:34:152 Servidor/(13578:13578): el cliente se desconecto. Terminando servidor
[INFO] 20:54:30:433 Servidor/(13792:13792): Kernel Server created !!! Waiting Connections ...

[INFO] 20:54:33:747 Servidor/(13792:13792): Creando un hilo para atender una conexión en el socket 15
[INFO] 20:54:33:748 Servidor/(13792:13792): Me llegaron las siguientes instrucciones:
[INFO] 20:54:33:748 Servidor/(13792:13792): el cliente se desconecto. Terminando servidor
[INFO] 20:54:56:918 Servidor/(13886:13886): Kernel Server created !!! Waiting Connections ...

[INFO] 20:55:54:402 Servidor/(14038:14038): Kernel Server created !!! Waiting Connections ...

[INFO] 20:55:56:159 Servidor/(14038:14038): Creando un hilo para atender una conexión en el socket 15
[INFO] 20:55:56:160 Servidor/(14038:14038): Me llegaron las siguientes instrucciones:
[INFO] 20:55:56:161 Servidor/(14038:14038): el cliente se desconecto. Terminando servidor
[INFO] 20:58:26:461 Servidor/(14367:14367): Kernel Server created !!! Waiting Connections ...

[INFO] 20:58:30:892 Servidor/(14367:14367): Creando un hilo para atender una conexión en el socket 15
[INFO] 20:58:30:893 Servidor/(14367:14367): Me llegaron las siguientes instrucciones:
[INFO] 20:58:30:893 Servidor/(14367:14367): el cliente se desconecto. Terminando servidor
[INFO] 15:29:12:873 Servidor/(9594:9594): Kernel Server created !!! Waiting Connections ...

[INFO] 15:29:16:096 Servidor/(9594:9594): Creando un hilo para atender una conexión en el socket 15
[INFO] 15:41:51:340 Servidor/(11324:11324): Kernel Server created !!! Waiting Connections ...

[INFO] 15:42:03:960 Servidor/(11324:11324): Creando un hilo para atender una conexión en el socket 15
[INFO] 15:42:56:116 Servidor/(11470:11470): Kernel Server created !!! Waiting Connections ...

[INFO] 15:45:20:736 Servidor/(11470:11470): Creando un hilo para atender una conexión en el socket 15
[INFO] 15:46:47:844 Servidor/(12138:12138): Kernel Server created !!! Waiting Connections ...

[INFO] 15:46:51:462 Servidor/(12138:12138): Creando un hilo para atender una conexión en el socket 15
[INFO] 15:46:51:463 Servidor/(12138:12138): Me llegaron las siguientes instrucciones:
[INFO] 15:46:51:464 Servidor/(12138:12138): el cliente se desconecto. Terminando servidor
[INFO] 15:48:02:033 Servidor/(12333:12333): Kernel Server created !!! Waiting Connections ...

[INFO] 15:48:05:679 Servidor/(12333:12333): Creando un hilo para atender una conexión en el socket 15
[INFO] 15:48:05:680 Servidor/(12333:12333): Me llego el siguiente proceso:

[INFO] 15:48:05:680 Servidor/(12333:12333): el cliente se desconecto. Terminando servidor
[INFO] 15:49:02:933 Servidor/(12493:12493): Kernel Server created !!! Waiting Connections ...

[INFO] 15:49:06:092 Servidor/(12493:12493): Creando un hilo para atender una conexión en el socket 15
[INFO] 15:49:06:093 Servidor/(12493:12493): Me llego el siguiente proceso:

[INFO] 15:49:06:094 Servidor/(12493:12493): el cliente se desconecto. Terminando servidor
[INFO] 15:49:37:995 Servidor/(12586:12586): Kernel Server created !!! Waiting Connections ...

[INFO] 15:49:40:693 Servidor/(12586:12586): Creando un hilo para atender una conexión en el socket 15
[INFO] 15:49:40:694 Servidor/(12586:12586): Me llego el siguiente proceso:

[INFO] 15:49:40:694 Servidor/(12586:12586): el cliente se desconecto. Terminando servidor
[INFO] 15:50:33:690 Servidor/(12710:12710): Kernel Server created !!! Waiting Connections ...

[INFO] 15:50:35:750 Servidor/(12710:12710): Creando un hilo para atender una conexión en el socket 15
[INFO] 15:50:35:750 Servidor/(12710:12710): Me llego el siguiente proceso:

[INFO] 15:50:35:751 Servidor/(12710:12710): el cliente se desconecto. Terminando servidor
[INFO] 15:51:16:915 Servidor/(12810:12810): Kernel Server created !!! Waiting Connections ...

[INFO] 15:51:25:404 Servidor/(12844:12844): Kernel Server created !!! Waiting Connections ...

[INFO] 15:51:27:509 Servidor/(12844:12844): Creando un hilo para atender una conexión en el socket 15
[INFO] 15:51:27:510 Servidor/(12844:12844): Me llego el siguiente proceso:

[INFO] 15:51:27:511 Servidor/(12844:12844): el cliente se desconecto. Terminando servidor
[INFO] 15:51:52:222 Servidor/(12926:12926): Kernel Server created !!! Waiting Connections ...

[INFO] 15:51:53:839 Servidor/(12926:12926): Creando un hilo para atender una conexión en el socket 15
[INFO] 15:51:53:840 Servidor/(12926:12926): Me llego el siguiente proceso:

[INFO] 15:51:53:841 Servidor/(12926:12926): el cliente se desconecto. Terminando servidor
[INFO] 15:57:27:321 Servidor/(13683:13683): Kernel Server created !!! Waiting Connections ...

[INFO] 15:57:53:666 Servidor/(13683:13683): Creando un hilo para atender una conexión en el socket 15
[INFO] 15:57:53:667 Servidor/(13683:13683): Me llego el siguiente proceso:

[INFO] 15:57:53:668 Servidor/(13683:13683): el cliente se desconecto. Terminando servidor
[INFO] 16:05:30:474 Servidor/(11415:11415): Kernel Server created !!! Waiting Connections ...

[INFO] 16:06:08:555 Servidor/(11466:11466): Kernel Server created !!! Waiting Connections ...

[INFO] 16:06:50:275 Servidor/(11466:11466): Creando un hilo para atender una conexión en el socket 5
[INFO] 16:06:50:281 Servidor/(11466:11466): Me llego el siguiente proceso:

[INFO] 16:06:50:284 Servidor/(11466:11466): el cliente se desconecto. Terminando servidor
[INFO] 16:09:18:529 Servidor/(11632:11632): Kernel Server created !!! Waiting Connections ...

[INFO] 16:09:25:881 Servidor/(11632:11632): Creando un hilo para atender una conexión en el socket 5
[INFO] 16:09:25:884 Servidor/(11632:11632): Me llego el siguiente proceso:

[INFO] 16:09:25:887 Servidor/(11632:11632): el cliente se desconecto. Terminando servidor
[INFO] 16:18:14:361 Servidor/(11765:11765): Kernel Server created !!! Waiting Connections ...

